行 27: 控件 MSComm1 的类 MSCommLib.MSComm 不是一个已加载的控件类。
行 40: 控件 SSTab1 的类 TabDlg.SSTab 不是一个已加载的控件类。
行 152: 控件 Adodc1 的类 MSAdodcLib.Adodc 不是一个已加载的控件类。
行 2093: 控件 DataGrid0 的类 MSDataGridLib.DataGrid 不是一个已加载的控件类。
行 30: 属性名 _ExtentX 在 MSComm1 中是无效的。
行 31: 属性名 _ExtentY 在 MSComm1 中是无效的。
行 32: 属性名 _Version 在 MSComm1 中是无效的。
行 33: 属性名 CommPort 在 MSComm1 中是无效的。
行 34: 属性名 DTREnable 在 MSComm1 中是无效的。
行 35: 属性名 InBufferSize 在 MSComm1 中是无效的。
行 36: 属性名 OutBufferSize 在 MSComm1 中是无效的。
行 37: 属性名 RThreshold 在 MSComm1 中是无效的。
行 38: 属性名 InputMode 在 MSComm1 中是无效的。
行 46: 属性名 _ExtentX 在 SSTab1 中是无效的。
行 47: 属性名 _ExtentY 在 SSTab1 中是无效的。
行 48: 属性名 _Version 在 SSTab1 中是无效的。
行 49: 属性名 TabHeight 在 SSTab1 中是无效的。
行 51: 属性名 TabCaption(0) 在 SSTab1 中是无效的。
行 52: 属性名 TabPicture(0) 在 SSTab1 中是无效的。
行 53: 属性名 Tab(0).ControlEnabled 在 SSTab1 中是无效的。
行 54: 属性名 Tab(0).Control(0) 在 SSTab1 中是无效的。
行 55: 属性名 Tab(0).Control(0).Enabled 在 SSTab1 中是无效的。
行 56: 属性名 Tab(0).Control(1) 在 SSTab1 中是无效的。
行 57: 属性名 Tab(0).Control(1).Enabled 在 SSTab1 中是无效的。
行 58: 属性名 Tab(0).Control(2) 在 SSTab1 中是无效的。
行 59: 属性名 Tab(0).Control(2).Enabled 在 SSTab1 中是无效的。
行 60: 属性名 Tab(0).Control(3) 在 SSTab1 中是无效的。
行 61: 属性名 Tab(0).Control(3).Enabled 在 SSTab1 中是无效的。
行 62: 属性名 Tab(0).Control(4) 在 SSTab1 中是无效的。
行 63: 属性名 Tab(0).Control(4).Enabled 在 SSTab1 中是无效的。
行 64: 属性名 Tab(0).Control(5) 在 SSTab1 中是无效的。
行 65: 属性名 Tab(0).Control(5).Enabled 在 SSTab1 中是无效的。
行 66: 属性名 Tab(0).Control(6) 在 SSTab1 中是无效的。
行 67: 属性名 Tab(0).Control(6).Enabled 在 SSTab1 中是无效的。
行 68: 属性名 Tab(0).ControlCount 在 SSTab1 中是无效的。
行 69: 属性名 TabCaption(1) 在 SSTab1 中是无效的。
行 70: 属性名 TabPicture(1) 在 SSTab1 中是无效的。
行 71: 属性名 Tab(1).ControlEnabled 在 SSTab1 中是无效的。
行 72: 属性名 Tab(1).Control(0) 在 SSTab1 中是无效的。
行 73: 属性名 Tab(1).Control(1) 在 SSTab1 中是无效的。
行 74: 属性名 Tab(1).Control(2) 在 SSTab1 中是无效的。
行 75: 属性名 Tab(1).Control(3) 在 SSTab1 中是无效的。
行 76: 属性名 Tab(1).Control(4) 在 SSTab1 中是无效的。
行 77: 属性名 Tab(1).Control(5) 在 SSTab1 中是无效的。
行 78: 属性名 Tab(1).Control(6) 在 SSTab1 中是无效的。
行 79: 属性名 Tab(1).Control(7) 在 SSTab1 中是无效的。
行 80: 属性名 Tab(1).Control(8) 在 SSTab1 中是无效的。
行 81: 属性名 Tab(1).Control(9) 在 SSTab1 中是无效的。
行 82: 属性名 Tab(1).Control(10) 在 SSTab1 中是无效的。
行 83: 属性名 Tab(1).Control(11) 在 SSTab1 中是无效的。
行 84: 属性名 Tab(1).Control(12) 在 SSTab1 中是无效的。
行 85: 属性名 Tab(1).Control(13) 在 SSTab1 中是无效的。
行 86: 属性名 Tab(1).Control(14) 在 SSTab1 中是无效的。
行 87: 属性名 Tab(1).Control(15) 在 SSTab1 中是无效的。
行 88: 属性名 Tab(1).Control(16) 在 SSTab1 中是无效的。
行 89: 属性名 Tab(1).Control(17) 在 SSTab1 中是无效的。
行 90: 属性名 Tab(1).Control(18) 在 SSTab1 中是无效的。
行 91: 属性名 Tab(1).Control(19) 在 SSTab1 中是无效的。
行 92: 属性名 Tab(1).Control(20) 在 SSTab1 中是无效的。
行 93: 属性名 Tab(1).Control(21) 在 SSTab1 中是无效的。
行 94: 属性名 Tab(1).Control(22) 在 SSTab1 中是无效的。
行 95: 属性名 Tab(1).Control(23) 在 SSTab1 中是无效的。
行 96: 属性名 Tab(1).Control(24) 在 SSTab1 中是无效的。
行 97: 属性名 Tab(1).ControlCount 在 SSTab1 中是无效的。
行 98: 属性名 TabCaption(2) 在 SSTab1 中是无效的。
行 99: 属性名 TabPicture(2) 在 SSTab1 中是无效的。
行 100: 属性名 Tab(2).ControlEnabled 在 SSTab1 中是无效的。
行 101: 属性名 Tab(2).Control(0) 在 SSTab1 中是无效的。
行 102: 属性名 Tab(2).Control(1) 在 SSTab1 中是无效的。
行 103: 属性名 Tab(2).Control(2) 在 SSTab1 中是无效的。
行 104: 属性名 Tab(2).Control(3) 在 SSTab1 中是无效的。
行 105: 属性名 Tab(2).Control(4) 在 SSTab1 中是无效的。
行 106: 属性名 Tab(2).Control(5) 在 SSTab1 中是无效的。
行 107: 属性名 Tab(2).Control(6) 在 SSTab1 中是无效的。
行 108: 属性名 Tab(2).Control(7) 在 SSTab1 中是无效的。
行 109: 属性名 Tab(2).Control(8) 在 SSTab1 中是无效的。
行 110: 属性名 Tab(2).Control(9) 在 SSTab1 中是无效的。
行 111: 属性名 Tab(2).Control(10) 在 SSTab1 中是无效的。
行 112: 属性名 Tab(2).Control(11) 在 SSTab1 中是无效的。
行 113: 属性名 Tab(2).Control(12) 在 SSTab1 中是无效的。
行 114: 属性名 Tab(2).Control(13) 在 SSTab1 中是无效的。
行 115: 属性名 Tab(2).ControlCount 在 SSTab1 中是无效的。
行 159: 属性名 _ExtentX 在 Adodc1 中是无效的。
行 160: 属性名 _ExtentY 在 Adodc1 中是无效的。
行 161: 属性名 ConnectMode 在 Adodc1 中是无效的。
行 162: 属性名 CursorLocation 在 Adodc1 中是无效的。
行 163: 属性名 IsolationLevel 在 Adodc1 中是无效的。
行 164: 属性名 ConnectionTimeout 在 Adodc1 中是无效的。
行 165: 属性名 CommandTimeout 在 Adodc1 中是无效的。
行 166: 属性名 CursorType 在 Adodc1 中是无效的。
行 167: 属性名 LockType 在 Adodc1 中是无效的。
行 168: 属性名 CommandType 在 Adodc1 中是无效的。
行 169: 属性名 CursorOptions 在 Adodc1 中是无效的。
行 170: 属性名 CacheSize 在 Adodc1 中是无效的。
行 171: 属性名 MaxRecords 在 Adodc1 中是无效的。
行 172: 属性名 BOFAction 在 Adodc1 中是无效的。
行 173: 属性名 EOFAction 在 Adodc1 中是无效的。
行 174: 属性名 ConnectStringType 在 Adodc1 中是无效的。
行 178: 属性名 Orientation 在 Adodc1 中是无效的。
行 180: 属性名 Connect 在 Adodc1 中是无效的。
行 181: 属性名 OLEDBString 在 Adodc1 中是无效的。
行 182: 属性名 OLEDBFile 在 Adodc1 中是无效的。
行 183: 属性名 DataSourceName 在 Adodc1 中是无效的。
行 184: 属性名 OtherAttributes 在 Adodc1 中是无效的。
行 185: 属性名 UserName 在 Adodc1 中是无效的。
行 186: 属性名 Password 在 Adodc1 中是无效的。
行 187: 属性名 RecordSource 在 Adodc1 中是无效的。
行 188: 属性名 Caption 在 Adodc1 中是无效的。
行 198: 属性名 _Version 在 Adodc1 中是无效的。
行 2094: 属性名 Bindings 在 DataGrid0 中是无效的。
行 2100: 属性名 _ExtentX 在 DataGrid0 中是无效的。
行 2101: 属性名 _ExtentY 在 DataGrid0 中是无效的。
行 2102: 属性名 _Version 在 DataGrid0 中是无效的。
行 2103: 属性名 HeadLines 在 DataGrid0 中是无效的。
行 2104: 属性名 RowHeight 在 DataGrid0 中是无效的。
行 2105: 属性名 FormatLocked 在 DataGrid0 中是无效的。
行 2114: 属性名 HeadFont 在 DataGrid0 中是无效的。
行 2124: 属性名 ColumnCount 在 DataGrid0 中是无效的。
行 2137: 属性名 Column00 在 DataGrid0 中是无效的。
行 2150: 属性名 Column01 在 DataGrid0 中是无效的。
行 2163: 属性名 Column02 在 DataGrid0 中是无效的。
行 2176: 属性名 Column03 在 DataGrid0 中是无效的。
行 2189: 属性名 Column04 在 DataGrid0 中是无效的。
行 2202: 属性名 Column05 在 DataGrid0 中是无效的。
行 2215: 属性名 Column06 在 DataGrid0 中是无效的。
行 2228: 属性名 Column07 在 DataGrid0 中是无效的。
行 2241: 属性名 Column08 在 DataGrid0 中是无效的。
行 2254: 属性名 Column09 在 DataGrid0 中是无效的。
行 2267: 属性名 Column10 在 DataGrid0 中是无效的。
行 2280: 属性名 Column11 在 DataGrid0 中是无效的。
行 2293: 属性名 Column12 在 DataGrid0 中是无效的。
行 2306: 属性名 Column13 在 DataGrid0 中是无效的。
行 2307: 属性名 SplitCount 在 DataGrid0 中是无效的。
行 2351: 属性名 Split0 在 DataGrid0 中是无效的。
